<?xml version="1.0" encoding="UTF-8"?>
<coverage generated="1634187861663" clover="3.2.0">
  <project timestamp="1634187861663" name="All files">
    <metrics statements="106" coveredstatements="106" conditionals="43" coveredconditionals="38" methods="8" coveredmethods="8" elements="157" coveredelements="152" complexity="0" loc="106" ncloc="106" packages="1" files="1" classes="1"/>
    <file name="app.ts" path="/Users/raaj/Desktop/T-20_using_TDD/src/typesScript/app.ts">
      <metrics statements="106" coveredstatements="106" conditionals="43" coveredconditionals="38" methods="8" coveredmethods="8"/>
      <line num="1" count="1" type="stmt"/>
      <line num="5" count="19" type="stmt"/>
      <line num="6" count="19" type="stmt"/>
      <line num="8" count="19" type="stmt"/>
      <line num="9" count="19" type="stmt"/>
      <line num="10" count="19" type="stmt"/>
      <line num="13" count="31" type="stmt"/>
      <line num="14" count="31" type="stmt"/>
      <line num="15" count="360" type="stmt"/>
      <line num="16" count="31" type="stmt"/>
      <line num="17" count="985" type="stmt"/>
      <line num="18" count="31" type="stmt"/>
      <line num="19" count="725" type="stmt"/>
      <line num="20" count="31" type="stmt"/>
      <line num="21" count="220" type="stmt"/>
      <line num="22" count="31" type="stmt"/>
      <line num="23" count="325" type="stmt"/>
      <line num="24" count="31" type="stmt"/>
      <line num="25" count="31" type="stmt"/>
      <line num="26" count="31" type="stmt"/>
      <line num="27" count="194" type="stmt"/>
      <line num="28" count="31" type="stmt"/>
      <line num="29" count="360" type="stmt"/>
      <line num="30" count="31" type="stmt"/>
      <line num="34" count="27" type="stmt"/>
      <line num="35" count="27" type="stmt"/>
      <line num="36" count="27" type="stmt"/>
      <line num="37" count="27" type="cond" truecount="2" falsecount="0"/>
      <line num="38" count="4" type="stmt"/>
      <line num="40" count="27" type="cond" truecount="2" falsecount="0"/>
      <line num="41" count="23" type="stmt"/>
      <line num="43" count="27" type="stmt"/>
      <line num="46" count="8" type="cond" truecount="2" falsecount="0"/>
      <line num="47" count="6" type="stmt"/>
      <line num="55" count="2" type="cond" truecount="1" falsecount="1"/>
      <line num="56" count="2" type="stmt"/>
      <line num="65" count="8" type="stmt"/>
      <line num="68" count="1" type="stmt"/>
      <line num="69" count="1" type="stmt"/>
      <line num="70" count="1" type="stmt"/>
      <line num="71" count="1" type="stmt"/>
      <line num="72" count="1" type="stmt"/>
      <line num="73" count="1" type="stmt"/>
      <line num="74" count="1" type="stmt"/>
      <line num="75" count="1" type="stmt"/>
      <line num="76" count="1" type="stmt"/>
      <line num="77" count="1" type="stmt"/>
      <line num="79" count="1" type="stmt"/>
      <line num="80" count="15" type="stmt"/>
      <line num="81" count="15" type="stmt"/>
      <line num="82" count="15" type="stmt"/>
      <line num="83" count="15" type="stmt"/>
      <line num="85" count="1" type="stmt"/>
      <line num="86" count="5" type="stmt"/>
      <line num="87" count="5" type="stmt"/>
      <line num="89" count="1" type="stmt"/>
      <line num="90" count="4" type="cond" truecount="2" falsecount="0"/>
      <line num="91" count="2" type="stmt"/>
      <line num="98" count="2" type="stmt"/>
      <line num="99" count="2" type="stmt"/>
      <line num="100" count="2" type="stmt"/>
      <line num="101" count="2" type="stmt"/>
      <line num="102" count="2" type="stmt"/>
      <line num="103" count="2" type="cond" truecount="2" falsecount="0"/>
      <line num="104" count="1" type="stmt"/>
      <line num="111" count="1" type="stmt"/>
      <line num="112" count="1" type="cond" truecount="1" falsecount="1"/>
      <line num="113" count="1" type="stmt"/>
      <line num="114" count="1" type="stmt"/>
      <line num="117" count="1" type="stmt"/>
      <line num="118" count="2" type="stmt"/>
      <line num="119" count="5" type="stmt"/>
      <line num="126" count="5" type="stmt"/>
      <line num="127" count="23" type="cond" truecount="4" falsecount="0"/>
      <line num="128" count="2" type="stmt"/>
      <line num="130" count="21" type="stmt"/>
      <line num="131" count="21" type="stmt"/>
      <line num="132" count="21" type="cond" truecount="2" falsecount="0"/>
      <line num="133" count="3" type="stmt"/>
      <line num="134" count="3" type="stmt"/>
      <line num="137" count="3" type="stmt"/>
      <line num="138" count="3" type="stmt"/>
      <line num="139" count="3" type="cond" truecount="2" falsecount="0"/>
      <line num="140" count="2" type="stmt"/>
      <line num="143" count="18" type="stmt"/>
      <line num="144" count="18" type="cond" truecount="2" falsecount="0"/>
      <line num="145" count="4" type="stmt"/>
      <line num="153" count="14" type="cond" truecount="2" falsecount="0"/>
      <line num="154" count="5" type="stmt"/>
      <line num="164" count="5" type="stmt"/>
      <line num="165" count="5" type="cond" truecount="1" falsecount="1"/>
      <line num="166" count="5" type="stmt"/>
      <line num="167" count="9" type="cond" truecount="4" falsecount="0"/>
      <line num="168" count="2" type="stmt"/>
      <line num="178" count="2" type="stmt"/>
      <line num="179" count="2" type="cond" truecount="1" falsecount="1"/>
      <line num="180" count="2" type="stmt"/>
      <line num="181" count="7" type="cond" truecount="1" falsecount="1"/>
      <line num="186" count="7" type="stmt"/>
      <line num="199" count="5" type="cond" truecount="4" falsecount="0"/>
      <line num="200" count="2" type="stmt"/>
      <line num="202" count="3" type="stmt"/>
      <line num="203" count="3" type="stmt"/>
      <line num="206" count="2" type="stmt"/>
      <line num="208" count="1" type="stmt"/>
      <line num="209" count="1" type="stmt"/>
    </file>
  </project>
</coverage>
