<?xml version="1.0" encoding="UTF-8"?>
<coverage generated="1634125251868" clover="3.2.0">
  <project timestamp="1634125251869" name="All files">
    <metrics statements="104" coveredstatements="94" conditionals="39" coveredconditionals="30" methods="8" coveredmethods="8" elements="151" coveredelements="132" complexity="0" loc="104" ncloc="104" packages="1" files="1" classes="1"/>
    <file name="app.ts" path="/Users/raaj/Desktop/T-20_using_TDD/src/typesScript/app.ts">
      <metrics statements="104" coveredstatements="94" conditionals="39" coveredconditionals="30" methods="8" coveredmethods="8"/>
      <line num="1" count="1" type="stmt"/>
      <line num="5" count="19" type="stmt"/>
      <line num="6" count="19" type="stmt"/>
      <line num="8" count="19" type="stmt"/>
      <line num="9" count="19" type="stmt"/>
      <line num="10" count="19" type="stmt"/>
      <line num="13" count="16" type="stmt"/>
      <line num="14" count="16" type="stmt"/>
      <line num="15" count="120" type="stmt"/>
      <line num="16" count="16" type="stmt"/>
      <line num="17" count="475" type="stmt"/>
      <line num="18" count="16" type="stmt"/>
      <line num="19" count="380" type="stmt"/>
      <line num="20" count="16" type="stmt"/>
      <line num="21" count="145" type="stmt"/>
      <line num="22" count="16" type="stmt"/>
      <line num="23" count="220" type="stmt"/>
      <line num="24" count="16" type="stmt"/>
      <line num="25" count="16" type="stmt"/>
      <line num="26" count="16" type="stmt"/>
      <line num="27" count="134" type="stmt"/>
      <line num="28" count="16" type="stmt"/>
      <line num="29" count="120" type="stmt"/>
      <line num="30" count="16" type="stmt"/>
      <line num="34" count="12" type="stmt"/>
      <line num="35" count="12" type="stmt"/>
      <line num="36" count="12" type="stmt"/>
      <line num="37" count="12" type="cond" truecount="2" falsecount="0"/>
      <line num="38" count="3" type="stmt"/>
      <line num="40" count="12" type="cond" truecount="2" falsecount="0"/>
      <line num="41" count="9" type="stmt"/>
      <line num="43" count="12" type="stmt"/>
      <line num="46" count="8" type="cond" truecount="2" falsecount="0"/>
      <line num="47" count="6" type="stmt"/>
      <line num="55" count="2" type="cond" truecount="1" falsecount="1"/>
      <line num="56" count="0" type="stmt"/>
      <line num="65" count="8" type="stmt"/>
      <line num="68" count="1" type="stmt"/>
      <line num="69" count="1" type="stmt"/>
      <line num="70" count="1" type="stmt"/>
      <line num="71" count="1" type="stmt"/>
      <line num="72" count="1" type="stmt"/>
      <line num="73" count="1" type="stmt"/>
      <line num="74" count="1" type="stmt"/>
      <line num="75" count="1" type="stmt"/>
      <line num="76" count="1" type="stmt"/>
      <line num="77" count="1" type="stmt"/>
      <line num="79" count="1" type="stmt"/>
      <line num="80" count="4" type="stmt"/>
      <line num="81" count="4" type="stmt"/>
      <line num="82" count="4" type="stmt"/>
      <line num="83" count="4" type="stmt"/>
      <line num="85" count="1" type="stmt"/>
      <line num="86" count="4" type="stmt"/>
      <line num="87" count="4" type="stmt"/>
      <line num="89" count="1" type="stmt"/>
      <line num="90" count="4" type="cond" truecount="2" falsecount="0"/>
      <line num="91" count="2" type="stmt"/>
      <line num="98" count="2" type="stmt"/>
      <line num="99" count="2" type="stmt"/>
      <line num="100" count="2" type="stmt"/>
      <line num="101" count="2" type="stmt"/>
      <line num="102" count="2" type="stmt"/>
      <line num="103" count="2" type="cond" truecount="2" falsecount="0"/>
      <line num="104" count="1" type="stmt"/>
      <line num="111" count="1" type="stmt"/>
      <line num="112" count="1" type="cond" truecount="1" falsecount="1"/>
      <line num="113" count="1" type="stmt"/>
      <line num="114" count="1" type="stmt"/>
      <line num="117" count="1" type="stmt"/>
      <line num="118" count="2" type="stmt"/>
      <line num="119" count="2" type="stmt"/>
      <line num="126" count="2" type="stmt"/>
      <line num="127" count="7" type="cond" truecount="4" falsecount="0"/>
      <line num="128" count="1" type="stmt"/>
      <line num="130" count="6" type="stmt"/>
      <line num="131" count="6" type="stmt"/>
      <line num="132" count="6" type="cond" truecount="2" falsecount="0"/>
      <line num="133" count="3" type="stmt"/>
      <line num="134" count="3" type="stmt"/>
      <line num="137" count="3" type="stmt"/>
      <line num="138" count="3" type="stmt"/>
      <line num="139" count="3" type="cond" truecount="2" falsecount="0"/>
      <line num="140" count="2" type="stmt"/>
      <line num="143" count="3" type="stmt"/>
      <line num="144" count="3" type="cond" truecount="1" falsecount="1"/>
      <line num="145" count="0" type="stmt"/>
      <line num="153" count="3" type="cond" truecount="1" falsecount="1"/>
      <line num="154" count="0" type="stmt"/>
      <line num="164" count="0" type="stmt"/>
      <line num="165" count="0" type="stmt"/>
      <line num="166" count="3" type="cond" truecount="3" falsecount="1"/>
      <line num="167" count="0" type="stmt"/>
      <line num="177" count="0" type="stmt"/>
      <line num="178" count="0" type="stmt"/>
      <line num="179" count="3" type="cond" truecount="1" falsecount="1"/>
      <line num="184" count="3" type="stmt"/>
      <line num="197" count="2" type="cond" truecount="2" falsecount="2"/>
      <line num="198" count="2" type="stmt"/>
      <line num="200" count="0" type="stmt"/>
      <line num="201" count="0" type="stmt"/>
      <line num="204" count="2" type="stmt"/>
      <line num="206" count="1" type="stmt"/>
      <line num="207" count="1" type="stmt"/>
    </file>
  </project>
</coverage>
