{"/Users/raaj/Desktop/T-20_using_TDD/src/typesScript/app.ts": {"path":"/Users/raaj/Desktop/T-20_using_TDD/src/typesScript/app.ts","statementMap":{"0":{"start":{"line":8,"column":9},"end":{"line":8,"column":29}},"1":{"start":{"line":9,"column":9},"end":{"line":9,"column":24}},"2":{"start":{"line":10,"column":9},"end":{"line":10,"column":33}},"3":{"start":{"line":5,"column":4},"end":{"line":5,"column":21}},"4":{"start":{"line":6,"column":4},"end":{"line":6,"column":21}},"5":{"start":{"line":13,"column":41},"end":{"line":13,"column":43}},"6":{"start":{"line":14,"column":4},"end":{"line":15,"column":33}},"7":{"start":{"line":14,"column":28},"end":{"line":14,"column":29}},"8":{"start":{"line":15,"column":6},"end":{"line":15,"column":33}},"9":{"start":{"line":16,"column":4},"end":{"line":17,"column":33}},"10":{"start":{"line":16,"column":28},"end":{"line":16,"column":29}},"11":{"start":{"line":17,"column":6},"end":{"line":17,"column":33}},"12":{"start":{"line":18,"column":4},"end":{"line":19,"column":33}},"13":{"start":{"line":18,"column":28},"end":{"line":18,"column":29}},"14":{"start":{"line":19,"column":6},"end":{"line":19,"column":33}},"15":{"start":{"line":20,"column":4},"end":{"line":21,"column":33}},"16":{"start":{"line":20,"column":28},"end":{"line":20,"column":29}},"17":{"start":{"line":21,"column":6},"end":{"line":21,"column":33}},"18":{"start":{"line":22,"column":4},"end":{"line":23,"column":33}},"19":{"start":{"line":22,"column":28},"end":{"line":22,"column":29}},"20":{"start":{"line":23,"column":6},"end":{"line":23,"column":33}},"21":{"start":{"line":24,"column":4},"end":{"line":25,"column":33}},"22":{"start":{"line":24,"column":28},"end":{"line":24,"column":29}},"23":{"start":{"line":25,"column":6},"end":{"line":25,"column":33}},"24":{"start":{"line":26,"column":4},"end":{"line":27,"column":33}},"25":{"start":{"line":26,"column":28},"end":{"line":26,"column":29}},"26":{"start":{"line":27,"column":6},"end":{"line":27,"column":33}},"27":{"start":{"line":28,"column":4},"end":{"line":29,"column":33}},"28":{"start":{"line":28,"column":28},"end":{"line":28,"column":29}},"29":{"start":{"line":29,"column":6},"end":{"line":29,"column":33}},"30":{"start":{"line":30,"column":4},"end":{"line":30,"column":30}},"31":{"start":{"line":34,"column":25},"end":{"line":34,"column":56}},"32":{"start":{"line":35,"column":18},"end":{"line":35,"column":52}},"33":{"start":{"line":36,"column":4},"end":{"line":36,"column":34}},"34":{"start":{"line":37,"column":4},"end":{"line":39,"column":null}},"35":{"start":{"line":38,"column":6},"end":{"line":38,"column":30}},"36":{"start":{"line":40,"column":4},"end":{"line":42,"column":null}},"37":{"start":{"line":41,"column":6},"end":{"line":41,"column":31}},"38":{"start":{"line":43,"column":4},"end":{"line":43,"column":17}},"39":{"start":{"line":46,"column":4},"end":{"line":64,"column":null}},"40":{"start":{"line":47,"column":6},"end":{"line":54,"column":8}},"41":{"start":{"line":55,"column":11},"end":{"line":64,"column":null}},"42":{"start":{"line":56,"column":6},"end":{"line":63,"column":8}},"43":{"start":{"line":65,"column":4},"end":{"line":65,"column":27}},"44":{"start":{"line":1,"column":0},"end":{"line":1,"column":13}},"45":{"start":{"line":68,"column":15},"end":{"line":68,"column":17}},"46":{"start":{"line":69,"column":14},"end":{"line":69,"column":15}},"47":{"start":{"line":70,"column":25},"end":{"line":70,"column":26}},"48":{"start":{"line":71,"column":16},"end":{"line":71,"column":17}},"49":{"start":{"line":72,"column":32},"end":{"line":72,"column":33}},"50":{"start":{"line":73,"column":11},"end":{"line":73,"column":74}},"51":{"start":{"line":74,"column":11},"end":{"line":74,"column":73}},"52":{"start":{"line":75,"column":11},"end":{"line":75,"column":71}},"53":{"start":{"line":76,"column":11},"end":{"line":76,"column":74}},"54":{"start":{"line":77,"column":11},"end":{"line":77,"column":55}},"55":{"start":{"line":80,"column":10},"end":{"line":80,"column":11}},"56":{"start":{"line":81,"column":8},"end":{"line":81,"column":9}},"57":{"start":{"line":82,"column":2},"end":{"line":82,"column":66}},"58":{"start":{"line":83,"column":2},"end":{"line":83,"column":22}},"59":{"start":{"line":79,"column":0},"end":{"line":79,"column":16}},"60":{"start":{"line":86,"column":2},"end":{"line":86,"column":23}},"61":{"start":{"line":87,"column":2},"end":{"line":87,"column":22}},"62":{"start":{"line":85,"column":0},"end":{"line":85,"column":16}},"63":{"start":{"line":90,"column":2},"end":{"line":115,"column":null}},"64":{"start":{"line":91,"column":4},"end":{"line":97,"column":6}},"65":{"start":{"line":98,"column":4},"end":{"line":98,"column":36}},"66":{"start":{"line":99,"column":4},"end":{"line":99,"column":36}},"67":{"start":{"line":100,"column":4},"end":{"line":100,"column":36}},"68":{"start":{"line":101,"column":4},"end":{"line":101,"column":36}},"69":{"start":{"line":102,"column":4},"end":{"line":102,"column":16}},"70":{"start":{"line":103,"column":9},"end":{"line":115,"column":null}},"71":{"start":{"line":104,"column":4},"end":{"line":110,"column":6}},"72":{"start":{"line":111,"column":4},"end":{"line":111,"column":17}},"73":{"start":{"line":112,"column":9},"end":{"line":115,"column":null}},"74":{"start":{"line":113,"column":4},"end":{"line":113,"column":39}},"75":{"start":{"line":114,"column":4},"end":{"line":114,"column":16}},"76":{"start":{"line":89,"column":0},"end":{"line":89,"column":16}},"77":{"start":{"line":118,"column":2},"end":{"line":202,"column":null}},"78":{"start":{"line":118,"column":19},"end":{"line":118,"column":20}},"79":{"start":{"line":119,"column":4},"end":{"line":125,"column":6}},"80":{"start":{"line":126,"column":4},"end":{"line":196,"column":null}},"81":{"start":{"line":126,"column":21},"end":{"line":126,"column":22}},"82":{"start":{"line":127,"column":6},"end":{"line":129,"column":null}},"83":{"start":{"line":128,"column":8},"end":{"line":128,"column":14}},"84":{"start":{"line":130,"column":28},"end":{"line":130,"column":49}},"85":{"start":{"line":131,"column":6},"end":{"line":131,"column":37}},"86":{"start":{"line":132,"column":6},"end":{"line":195,"column":null}},"87":{"start":{"line":133,"column":8},"end":{"line":133,"column":21}},"88":{"start":{"line":134,"column":8},"end":{"line":136,"column":10}},"89":{"start":{"line":137,"column":8},"end":{"line":137,"column":26}},"90":{"start":{"line":138,"column":8},"end":{"line":138,"column":35}},"91":{"start":{"line":139,"column":8},"end":{"line":141,"column":null}},"92":{"start":{"line":140,"column":10},"end":{"line":140,"column":73}},"93":{"start":{"line":143,"column":8},"end":{"line":143,"column":37}},"94":{"start":{"line":144,"column":8},"end":{"line":194,"column":null}},"95":{"start":{"line":145,"column":10},"end":{"line":152,"column":12}},"96":{"start":{"line":153,"column":15},"end":{"line":194,"column":null}},"97":{"start":{"line":154,"column":10},"end":{"line":163,"column":12}},"98":{"start":{"line":164,"column":10},"end":{"line":164,"column":37}},"99":{"start":{"line":165,"column":10},"end":{"line":165,"column":42}},"100":{"start":{"line":166,"column":15},"end":{"line":194,"column":null}},"101":{"start":{"line":167,"column":10},"end":{"line":176,"column":12}},"102":{"start":{"line":177,"column":10},"end":{"line":177,"column":37}},"103":{"start":{"line":178,"column":10},"end":{"line":178,"column":42}},"104":{"start":{"line":179,"column":15},"end":{"line":194,"column":null}},"105":{"start":{"line":184,"column":10},"end":{"line":193,"column":12}},"106":{"start":{"line":197,"column":4},"end":{"line":199,"column":null}},"107":{"start":{"line":198,"column":6},"end":{"line":198,"column":12}},"108":{"start":{"line":200,"column":4},"end":{"line":200,"column":31}},"109":{"start":{"line":201,"column":4},"end":{"line":201,"column":34}},"110":{"start":{"line":204,"column":2},"end":{"line":204,"column":19}},"111":{"start":{"line":117,"column":0},"end":{"line":117,"column":16}},"112":{"start":{"line":206,"column":0},"end":{"line":206,"column":23}},"113":{"start":{"line":207,"column":0},"end":{"line":207,"column":22}}},"fnMap":{"0":{"name":"(anonymous_0)","decl":{"start":{"line":4,"column":2},"end":{"line":4,"column":14}},"loc":{"start":{"line":4,"column":42},"end":{"line":7,"column":3}}},"1":{"name":"(anonymous_1)","decl":{"start":{"line":12,"column":2},"end":{"line":12,"column":14}},"loc":{"start":{"line":12,"column":29},"end":{"line":31,"column":3}}},"2":{"name":"(anonymous_2)","decl":{"start":{"line":33,"column":2},"end":{"line":33,"column":5}},"loc":{"start":{"line":33,"column":5},"end":{"line":44,"column":3}}},"3":{"name":"(anonymous_3)","decl":{"start":{"line":45,"column":2},"end":{"line":45,"column":25}},"loc":{"start":{"line":45,"column":25},"end":{"line":66,"column":3}}},"4":{"name":"StrikeRotate","decl":{"start":{"line":79,"column":16},"end":{"line":79,"column":28}},"loc":{"start":{"line":79,"column":51},"end":{"line":84,"column":1}}},"5":{"name":"out","decl":{"start":{"line":85,"column":16},"end":{"line":85,"column":19}},"loc":{"start":{"line":85,"column":42},"end":{"line":88,"column":1}}},"6":{"name":"scoreBoard","decl":{"start":{"line":89,"column":16},"end":{"line":89,"column":26}},"loc":{"start":{"line":89,"column":44},"end":{"line":116,"column":1}}},"7":{"name":"gamePlay","decl":{"start":{"line":117,"column":16},"end":{"line":117,"column":24}},"loc":{"start":{"line":117,"column":44},"end":{"line":205,"column":1}}}},"branchMap":{"0":{"loc":{"start":{"line":37,"column":4},"end":{"line":39,"column":null}},"type":"if","locations":[{"start":{"line":37,"column":4},"end":{"line":39,"column":null}},{"start":{"line":37,"column":4},"end":{"line":39,"column":null}}]},"1":{"loc":{"start":{"line":40,"column":4},"end":{"line":42,"column":null}},"type":"if","locations":[{"start":{"line":40,"column":4},"end":{"line":42,"column":null}},{"start":{"line":40,"column":4},"end":{"line":42,"column":null}}]},"2":{"loc":{"start":{"line":46,"column":4},"end":{"line":64,"column":null}},"type":"if","locations":[{"start":{"line":46,"column":4},"end":{"line":64,"column":null}},{"start":{"line":46,"column":4},"end":{"line":64,"column":null}}]},"3":{"loc":{"start":{"line":55,"column":11},"end":{"line":64,"column":null}},"type":"if","locations":[{"start":{"line":55,"column":11},"end":{"line":64,"column":null}},{"start":{"line":55,"column":11},"end":{"line":64,"column":null}}]},"4":{"loc":{"start":{"line":90,"column":2},"end":{"line":115,"column":null}},"type":"if","locations":[{"start":{"line":90,"column":2},"end":{"line":115,"column":null}},{"start":{"line":90,"column":2},"end":{"line":115,"column":null}}]},"5":{"loc":{"start":{"line":103,"column":9},"end":{"line":115,"column":null}},"type":"if","locations":[{"start":{"line":103,"column":9},"end":{"line":115,"column":null}},{"start":{"line":103,"column":9},"end":{"line":115,"column":null}}]},"6":{"loc":{"start":{"line":112,"column":9},"end":{"line":115,"column":null}},"type":"if","locations":[{"start":{"line":112,"column":9},"end":{"line":115,"column":null}},{"start":{"line":112,"column":9},"end":{"line":115,"column":null}}]},"7":{"loc":{"start":{"line":127,"column":6},"end":{"line":129,"column":null}},"type":"if","locations":[{"start":{"line":127,"column":6},"end":{"line":129,"column":null}},{"start":{"line":127,"column":6},"end":{"line":129,"column":null}}]},"8":{"loc":{"start":{"line":127,"column":10},"end":{"line":127,"column":22}},"type":"binary-expr","locations":[{"start":{"line":127,"column":10},"end":{"line":127,"column":22}},{"start":{"line":127,"column":26},"end":{"line":127,"column":45}}]},"9":{"loc":{"start":{"line":132,"column":6},"end":{"line":195,"column":null}},"type":"if","locations":[{"start":{"line":132,"column":6},"end":{"line":195,"column":null}},{"start":{"line":132,"column":6},"end":{"line":195,"column":null}}]},"10":{"loc":{"start":{"line":139,"column":8},"end":{"line":141,"column":null}},"type":"if","locations":[{"start":{"line":139,"column":8},"end":{"line":141,"column":null}},{"start":{"line":139,"column":8},"end":{"line":141,"column":null}}]},"11":{"loc":{"start":{"line":144,"column":8},"end":{"line":194,"column":null}},"type":"if","locations":[{"start":{"line":144,"column":8},"end":{"line":194,"column":null}},{"start":{"line":144,"column":8},"end":{"line":194,"column":null}}]},"12":{"loc":{"start":{"line":153,"column":15},"end":{"line":194,"column":null}},"type":"if","locations":[{"start":{"line":153,"column":15},"end":{"line":194,"column":null}},{"start":{"line":153,"column":15},"end":{"line":194,"column":null}}]},"13":{"loc":{"start":{"line":166,"column":15},"end":{"line":194,"column":null}},"type":"if","locations":[{"start":{"line":166,"column":15},"end":{"line":194,"column":null}},{"start":{"line":166,"column":15},"end":{"line":194,"column":null}}]},"14":{"loc":{"start":{"line":166,"column":19},"end":{"line":166,"column":39}},"type":"binary-expr","locations":[{"start":{"line":166,"column":19},"end":{"line":166,"column":39}},{"start":{"line":166,"column":43},"end":{"line":166,"column":63}}]},"15":{"loc":{"start":{"line":179,"column":15},"end":{"line":194,"column":null}},"type":"if","locations":[{"start":{"line":179,"column":15},"end":{"line":194,"column":null}},{"start":{"line":179,"column":15},"end":{"line":194,"column":null}}]},"16":{"loc":{"start":{"line":180,"column":10},"end":{"line":180,"column":30}},"type":"binary-expr","locations":[{"start":{"line":180,"column":10},"end":{"line":180,"column":30}},{"start":{"line":181,"column":10},"end":{"line":181,"column":30}},{"start":{"line":182,"column":10},"end":{"line":182,"column":30}}]},"17":{"loc":{"start":{"line":197,"column":4},"end":{"line":199,"column":null}},"type":"if","locations":[{"start":{"line":197,"column":4},"end":{"line":199,"column":null}},{"start":{"line":197,"column":4},"end":{"line":199,"column":null}}]},"18":{"loc":{"start":{"line":197,"column":8},"end":{"line":197,"column":20}},"type":"binary-expr","locations":[{"start":{"line":197,"column":8},"end":{"line":197,"column":20}},{"start":{"line":197,"column":24},"end":{"line":197,"column":43}}]}},"s":{"0":19,"1":19,"2":19,"3":19,"4":19,"5":16,"6":16,"7":16,"8":120,"9":16,"10":16,"11":475,"12":16,"13":16,"14":380,"15":16,"16":16,"17":145,"18":16,"19":16,"20":220,"21":16,"22":16,"23":16,"24":16,"25":16,"26":134,"27":16,"28":16,"29":120,"30":16,"31":12,"32":12,"33":12,"34":12,"35":3,"36":12,"37":9,"38":12,"39":8,"40":6,"41":2,"42":0,"43":8,"44":1,"45":1,"46":1,"47":1,"48":1,"49":1,"50":1,"51":1,"52":1,"53":1,"54":1,"55":4,"56":4,"57":4,"58":4,"59":1,"60":4,"61":4,"62":1,"63":4,"64":2,"65":2,"66":2,"67":2,"68":2,"69":2,"70":2,"71":1,"72":1,"73":1,"74":1,"75":1,"76":1,"77":2,"78":2,"79":2,"80":2,"81":2,"82":7,"83":1,"84":6,"85":6,"86":6,"87":3,"88":3,"89":3,"90":3,"91":3,"92":2,"93":3,"94":3,"95":0,"96":3,"97":0,"98":0,"99":0,"100":3,"101":0,"102":0,"103":0,"104":3,"105":3,"106":2,"107":2,"108":0,"109":0,"110":2,"111":1,"112":1,"113":1},"f":{"0":19,"1":16,"2":12,"3":8,"4":4,"5":4,"6":4,"7":2},"b":{"0":[3,9],"1":[9,3],"2":[6,2],"3":[0,2],"4":[2,2],"5":[1,1],"6":[1,0],"7":[1,6],"8":[7,6],"9":[3,3],"10":[2,1],"11":[0,3],"12":[0,3],"13":[0,3],"14":[3,3],"15":[3,0],"16":[3,1,0],"17":[2,0],"18":[2,0]}}
}
