TN:
SF:src/typesScript/app.ts
FN:4,(anonymous_0)
FN:12,(anonymous_1)
FN:33,(anonymous_2)
FN:45,(anonymous_3)
FN:79,StrikeRotate
FN:85,out
FN:89,scoreBoard
FN:117,gamePlay
FNF:8
FNH:8
FNDA:19,(anonymous_0)
FNDA:16,(anonymous_1)
FNDA:12,(anonymous_2)
FNDA:8,(anonymous_3)
FNDA:4,StrikeRotate
FNDA:4,out
FNDA:4,scoreBoard
FNDA:2,gamePlay
DA:1,1
DA:5,19
DA:6,19
DA:8,19
DA:9,19
DA:10,19
DA:13,16
DA:14,16
DA:15,120
DA:16,16
DA:17,475
DA:18,16
DA:19,380
DA:20,16
DA:21,145
DA:22,16
DA:23,220
DA:24,16
DA:25,16
DA:26,16
DA:27,134
DA:28,16
DA:29,120
DA:30,16
DA:34,12
DA:35,12
DA:36,12
DA:37,12
DA:38,3
DA:40,12
DA:41,9
DA:43,12
DA:46,8
DA:47,6
DA:55,2
DA:56,0
DA:65,8
DA:68,1
DA:69,1
DA:70,1
DA:71,1
DA:72,1
DA:73,1
DA:74,1
DA:75,1
DA:76,1
DA:77,1
DA:79,1
DA:80,4
DA:81,4
DA:82,4
DA:83,4
DA:85,1
DA:86,4
DA:87,4
DA:89,1
DA:90,4
DA:91,2
DA:98,2
DA:99,2
DA:100,2
DA:101,2
DA:102,2
DA:103,2
DA:104,1
DA:111,1
DA:112,1
DA:113,1
DA:114,1
DA:117,1
DA:118,2
DA:119,2
DA:126,2
DA:127,7
DA:128,1
DA:130,6
DA:131,6
DA:132,6
DA:133,3
DA:134,3
DA:137,3
DA:138,3
DA:139,3
DA:140,2
DA:143,3
DA:144,3
DA:145,0
DA:153,3
DA:154,0
DA:164,0
DA:165,0
DA:166,3
DA:167,0
DA:177,0
DA:178,0
DA:179,3
DA:184,3
DA:197,2
DA:198,2
DA:200,0
DA:201,0
DA:204,2
DA:206,1
DA:207,1
LF:104
LH:94
BRDA:37,0,0,3
BRDA:37,0,1,9
BRDA:40,1,0,9
BRDA:40,1,1,3
BRDA:46,2,0,6
BRDA:46,2,1,2
BRDA:55,3,0,0
BRDA:55,3,1,2
BRDA:90,4,0,2
BRDA:90,4,1,2
BRDA:103,5,0,1
BRDA:103,5,1,1
BRDA:112,6,0,1
BRDA:112,6,1,0
BRDA:127,7,0,1
BRDA:127,7,1,6
BRDA:127,8,0,7
BRDA:127,8,1,6
BRDA:132,9,0,3
BRDA:132,9,1,3
BRDA:139,10,0,2
BRDA:139,10,1,1
BRDA:144,11,0,0
BRDA:144,11,1,3
BRDA:153,12,0,0
BRDA:153,12,1,3
BRDA:166,13,0,0
BRDA:166,13,1,3
BRDA:166,14,0,3
BRDA:166,14,1,3
BRDA:179,15,0,3
BRDA:179,15,1,0
BRDA:180,16,0,3
BRDA:180,16,1,1
BRDA:180,16,2,0
BRDA:197,17,0,2
BRDA:197,17,1,0
BRDA:197,18,0,2
BRDA:197,18,1,0
BRF:39
BRH:30
end_of_record
