TN:
SF:src/typesScript/app.ts
FN:4,(anonymous_0)
FN:12,(anonymous_1)
FN:33,(anonymous_2)
FN:45,(anonymous_3)
FN:79,StrikeRotate
FN:85,out
FN:89,scoreBoard
FN:117,gamePlay
FNF:8
FNH:8
FNDA:19,(anonymous_0)
FNDA:31,(anonymous_1)
FNDA:27,(anonymous_2)
FNDA:8,(anonymous_3)
FNDA:15,StrikeRotate
FNDA:5,out
FNDA:4,scoreBoard
FNDA:2,gamePlay
DA:1,1
DA:5,19
DA:6,19
DA:8,19
DA:9,19
DA:10,19
DA:13,31
DA:14,31
DA:15,360
DA:16,31
DA:17,985
DA:18,31
DA:19,725
DA:20,31
DA:21,220
DA:22,31
DA:23,325
DA:24,31
DA:25,31
DA:26,31
DA:27,194
DA:28,31
DA:29,360
DA:30,31
DA:34,27
DA:35,27
DA:36,27
DA:37,27
DA:38,4
DA:40,27
DA:41,23
DA:43,27
DA:46,8
DA:47,6
DA:55,2
DA:56,2
DA:65,8
DA:68,1
DA:69,1
DA:70,1
DA:71,1
DA:72,1
DA:73,1
DA:74,1
DA:75,1
DA:76,1
DA:77,1
DA:79,1
DA:80,15
DA:81,15
DA:82,15
DA:83,15
DA:85,1
DA:86,5
DA:87,5
DA:89,1
DA:90,4
DA:91,2
DA:98,2
DA:99,2
DA:100,2
DA:101,2
DA:102,2
DA:103,2
DA:104,1
DA:111,1
DA:112,1
DA:113,1
DA:114,1
DA:117,1
DA:118,2
DA:119,5
DA:126,5
DA:127,23
DA:128,2
DA:130,21
DA:131,21
DA:132,21
DA:133,3
DA:134,3
DA:137,3
DA:138,3
DA:139,3
DA:140,2
DA:143,18
DA:144,18
DA:145,4
DA:153,14
DA:154,5
DA:164,5
DA:165,5
DA:166,5
DA:167,9
DA:168,2
DA:178,2
DA:179,2
DA:180,2
DA:181,7
DA:186,7
DA:199,5
DA:200,2
DA:202,3
DA:203,3
DA:206,2
DA:208,1
DA:209,1
LF:106
LH:106
BRDA:37,0,0,4
BRDA:37,0,1,23
BRDA:40,1,0,23
BRDA:40,1,1,4
BRDA:46,2,0,6
BRDA:46,2,1,2
BRDA:55,3,0,2
BRDA:55,3,1,0
BRDA:90,4,0,2
BRDA:90,4,1,2
BRDA:103,5,0,1
BRDA:103,5,1,1
BRDA:112,6,0,1
BRDA:112,6,1,0
BRDA:127,7,0,2
BRDA:127,7,1,21
BRDA:127,8,0,23
BRDA:127,8,1,21
BRDA:132,9,0,3
BRDA:132,9,1,18
BRDA:139,10,0,2
BRDA:139,10,1,1
BRDA:144,11,0,4
BRDA:144,11,1,14
BRDA:153,12,0,5
BRDA:153,12,1,9
BRDA:165,13,0,5
BRDA:165,13,1,0
BRDA:167,14,0,2
BRDA:167,14,1,7
BRDA:167,15,0,9
BRDA:167,15,1,7
BRDA:179,16,0,2
BRDA:179,16,1,0
BRDA:181,17,0,7
BRDA:181,17,1,0
BRDA:182,18,0,7
BRDA:182,18,1,3
BRDA:182,18,2,1
BRDA:199,19,0,2
BRDA:199,19,1,3
BRDA:199,20,0,5
BRDA:199,20,1,3
BRF:43
BRH:38
end_of_record
